<?xml version="1.0" encoding="UTF-8"?>
<Site BuildName="Linux-g++"
	BuildStamp="20231009-1855-Experimental"
	Name="Chinatip"
	Generator="ctest-3.22.1"
	CompilerName="/usr/bin/g++"
	CompilerVersion="11.4.0"
	OSName="Linux"
	Hostname="Chinatip"
	OSRelease="5.15.90.1-microsoft-standard-WSL2"
	OSVersion="#1 SMP Fri Jan 27 02:56:13 UTC 2023"
	OSPlatform="x86_64"
	Is64Bits="1"
	VendorString="GenuineIntel"
	VendorID="Intel Corporation"
	FamilyID="6"
	ModelID="154"
	ProcessorCacheSize="24576"
	NumberOfLogicalCPU="16"
	NumberOfPhysicalCPU="8"
	TotalVirtualMemory="5120"
	TotalPhysicalMemory="19840"
	LogicalProcessorsPerPhysical="2"
	ProcessorClockFrequency="2687.99"
	>
	<Testing>
		<StartDateTime>Oct 10 03:01 CST</StartDateTime>
		<StartTestTime>1696878108</StartTestTime>
		<TestList/>
		<EndDateTime>Oct 10 03:01 CST</EndDateTime>
		<EndTestTime>1696878108</EndTestTime>
		<ElapsedMinutes>0</ElapsedMinutes>
	</Testing>
</Site>
